<?xml version="1.0" encoding="utf-8"?><testsuites><testsuite name="pytest" errors="0" failures="0" skipped="0" tests="4" time="14.599" timestamp="2024-11-07T15:12:52.420889" hostname="DESKTOP-R704I69"><testcase classname="test_HomePage.Test" name="test_submission[getData0]" time="3.419" /><testcase classname="test_HomePage.Test" name="test_submission[getData1]" time="0.449" /><testcase classname="test_HomePage.Test" name="test_submission[getData2]" time="0.558" /><testcase classname="test_e2e.TestOne" name="test_e2e" time="10.107" /></testsuite></testsuites>